<?xml version="1.0" encoding="UTF-8" ?>
<testsuite failures="0" time="11.441" errors="1" skipped="0" tests="1" name="cachetest.AccountCacheTest">
  <properties>
[...]
</properties>
  <testcase time="0.062" classname="cachetest.AccountCacheTest" name="testCacheDb">
    <error message="There is no suitable serializer for class com.stnts.cache.po.Account" type="com.hazelcast.nio.serialization.HazelcastSerializationException">com.hazelcast.nio.serialization.HazelcastSerializationException: There is no suitable serializer for class com.stnts.cache.po.Account
	at com.hazelcast.nio.serialization.SerializationServiceImpl.serializerFor(SerializationServiceImpl.java:469)
	at com.hazelcast.nio.serialization.SerializationServiceImpl.toData(SerializationServiceImpl.java:220)
	at com.hazelcast.nio.serialization.SerializationServiceImpl.toData(SerializationServiceImpl.java:207)
	at com.hazelcast.map.impl.MapServiceContextImpl.toData(MapServiceContextImpl.java:307)
	at com.hazelcast.map.impl.proxy.MapProxySupport.toData(MapProxySupport.java:1118)
	at com.hazelcast.map.impl.proxy.MapProxyImpl.set(MapProxyImpl.java:170)
	at com.hazelcast.map.impl.proxy.MapProxyImpl.set(MapProxyImpl.java:161)
	at com.hazelcast.spring.cache.HazelcastCache.put(HazelcastCache.java:67)
	at org.springframework.cache.interceptor.AbstractCacheInvoker.doPut(AbstractCacheInvoker.java:82)
	at org.springframework.cache.interceptor.CacheAspectSupport$CachePutRequest.apply(CacheAspectSupport.java:651)
	at org.springframework.cache.interceptor.CacheAspectSupport.execute(CacheAspectSupport.java:358)
	at org.springframework.cache.interceptor.CacheAspectSupport.execute(CacheAspectSupport.java:299)
	at org.springframework.cache.interceptor.CacheInterceptor.invoke(CacheInterceptor.java:61)
	at org.springframework.aop.framework.ReflectiveMethodInvocation.proceed(ReflectiveMethodInvocation.java:179)
	at org.springframework.aop.framework.JdkDynamicAopProxy.invoke(JdkDynamicAopProxy.java:207)
	at com.sun.proxy.$Proxy16.getAccountByName2(Unknown Source)
	at cachetest.AccountCacheTest.testCacheDb(AccountCacheTest.java:33)
	at sun.reflect.NativeMethodAccessorImpl.invoke0(Native Method)
	at sun.reflect.NativeMethodAccessorImpl.invoke(NativeMethodAccessorImpl.java:57)
	at sun.reflect.DelegatingMethodAccessorImpl.invoke(DelegatingMethodAccessorImpl.java:43)
	at java.lang.reflect.Method.invoke(Method.java:606)
	at org.junit.runners.model.FrameworkMethod$1.runReflectiveCall(FrameworkMethod.java:45)
	at org.junit.internal.runners.model.ReflectiveCallable.run(ReflectiveCallable.java:15)
	at org.junit.runners.model.FrameworkMethod.invokeExplosively(FrameworkMethod.java:42)
	at org.junit.internal.runners.statements.InvokeMethod.evaluate(InvokeMethod.java:20)
	at org.springframework.test.context.junit4.statements.RunBeforeTestMethodCallbacks.evaluate(RunBeforeTestMethodCallbacks.java:73)
	at org.springframework.test.context.junit4.statements.RunAfterTestMethodCallbacks.evaluate(RunAfterTestMethodCallbacks.java:82)
	at org.springframework.test.context.junit4.statements.SpringRepeat.evaluate(SpringRepeat.java:73)
	at org.junit.runners.ParentRunner.runLeaf(ParentRunner.java:263)
	at org.springframework.test.context.junit4.SpringJUnit4ClassRunner.runChild(SpringJUnit4ClassRunner.java:224)
	at org.springframework.test.context.junit4.SpringJUnit4ClassRunner.runChild(SpringJUnit4ClassRunner.java:83)
	at org.junit.runners.ParentRunner$3.run(ParentRunner.java:231)
	at org.junit.runners.ParentRunner$1.schedule(ParentRunner.java:60)
	at org.junit.runners.ParentRunner.runChildren(ParentRunner.java:229)
	at org.junit.runners.ParentRunner.access$000(ParentRunner.java:50)
	at org.junit.runners.ParentRunner$2.evaluate(ParentRunner.java:222)
	at org.springframework.test.context.junit4.statements.RunBeforeTestClassCallbacks.evaluate(RunBeforeTestClassCallbacks.java:61)
	at org.springframework.test.context.junit4.statements.RunAfterTestClassCallbacks.evaluate(RunAfterTestClassCallbacks.java:68)
	at org.junit.runners.ParentRunner.run(ParentRunner.java:300)
	at org.springframework.test.context.junit4.SpringJUnit4ClassRunner.run(SpringJUnit4ClassRunner.java:163)
	at org.apache.maven.surefire.junit4.JUnit4TestSet.execute(JUnit4TestSet.java:53)
	at org.apache.maven.surefire.junit4.JUnit4Provider.executeTestSet(JUnit4Provider.java:123)
	at org.apache.maven.surefire.junit4.JUnit4Provider.invoke(JUnit4Provider.java:104)
	at sun.reflect.NativeMethodAccessorImpl.invoke0(Native Method)
	at sun.reflect.NativeMethodAccessorImpl.invoke(NativeMethodAccessorImpl.java:57)
	at sun.reflect.DelegatingMethodAccessorImpl.invoke(DelegatingMethodAccessorImpl.java:43)
	at java.lang.reflect.Method.invoke(Method.java:606)
	at org.apache.maven.surefire.util.ReflectionUtils.invokeMethodWithArray(ReflectionUtils.java:164)
	at org.apache.maven.surefire.booter.ProviderFactory$ProviderProxy.invoke(ProviderFactory.java:110)
	at org.apache.maven.surefire.booter.SurefireStarter.invokeProvider(SurefireStarter.java:175)
	at org.apache.maven.surefire.booter.SurefireStarter.runSuitesInProcessWhenForked(SurefireStarter.java:107)
	at org.apache.maven.surefire.booter.ForkedBooter.main(ForkedBooter.java:68)
</error>
    <system-out>test.stnts.cache.redis.URedisShardingStrategy@7a663ebc[
  NUM_SHARDS=4
]
17:44:59 [main] AccountCacheTest - db first query...
17:44:59 [main] AccountService - real query account.somebody
17:44:59 [main] AccountService - real querying db...somebody
</system-out>
    <system-err>SLF4J: Failed to load class &quot;org.slf4j.impl.StaticLoggerBinder&quot;.
SLF4J: Defaulting to no-operation (NOP) logger implementation
SLF4J: See http://www.slf4j.org/codes.html#StaticLoggerBinder for further details.
ʮ�� 29, 2015 5:44:49 ���� com.hazelcast.instance.DefaultAddressPicker
��Ϣ: [LOCAL] [dev] [3.5] Prefer IPv4 stack is true.
ʮ�� 29, 2015 5:44:49 ���� com.hazelcast.instance.DefaultAddressPicker
��Ϣ: [LOCAL] [dev] [3.5] Picked Address[192.168.35.166]:5701, using socket ServerSocket[addr=/0:0:0:0:0:0:0:0,localport=5701], bind any local is true
ʮ�� 29, 2015 5:44:49 ���� com.hazelcast.spi.OperationService
��Ϣ: [192.168.35.166]:5701 [dev] [3.5] Backpressure is disabled
ʮ�� 29, 2015 5:44:49 ���� com.hazelcast.spi.impl.operationexecutor.classic.ClassicOperationExecutor
��Ϣ: [192.168.35.166]:5701 [dev] [3.5] Starting with 2 generic operation threads and 4 partition operation threads.
ʮ�� 29, 2015 5:44:50 ���� com.hazelcast.system
��Ϣ: [192.168.35.166]:5701 [dev] [3.5] Hazelcast 3.5 (20150617 - 4270dc6) starting at Address[192.168.35.166]:5701
ʮ�� 29, 2015 5:44:50 ���� com.hazelcast.system
��Ϣ: [192.168.35.166]:5701 [dev] [3.5] Copyright (c) 2008-2015, Hazelcast, Inc. All Rights Reserved.
ʮ�� 29, 2015 5:44:50 ���� com.hazelcast.instance.Node
��Ϣ: [192.168.35.166]:5701 [dev] [3.5] Creating MulticastJoiner
ʮ�� 29, 2015 5:44:50 ���� com.hazelcast.core.LifecycleService
��Ϣ: [192.168.35.166]:5701 [dev] [3.5] Address[192.168.35.166]:5701 is STARTING
ʮ�� 29, 2015 5:44:59 ���� com.hazelcast.cluster.impl.MulticastJoiner
��Ϣ: [192.168.35.166]:5701 [dev] [3.5] 


Members [1] {
	Member [192.168.35.166]:5701 this
}

ʮ�� 29, 2015 5:44:59 ���� com.hazelcast.core.LifecycleService
��Ϣ: [192.168.35.166]:5701 [dev] [3.5] Address[192.168.35.166]:5701 is STARTED
ʮ�� 29, 2015 5:44:59 ���� com.hazelcast.internal.monitors.HealthMonitor
��Ϣ: [192.168.35.166]:5701 [dev] [3.5] processors=4, physical.memory.total=8.0G, physical.memory.free=1.7G, swap.space.total=15.9G, swap.space.free=6.7G, heap.memory.used=55.0M, heap.memory.free=99.5M, heap.memory.total=154.5M, heap.memory.max=1.8G, heap.memory.used/total=35.62%, heap.memory.used/max=3.04%, minor.gc.count=4, minor.gc.time=23ms, major.gc.count=0, major.gc.time=0ms, load.process=-100.00%, load.system=76.00%, load.systemAverage=n/a, thread.count=38, thread.peakCount=39, cluster.timeDiff=0, event.q.size=0, executor.q.async.size=0, executor.q.client.size=0, executor.q.query.size=0, executor.q.scheduled.size=0, executor.q.io.size=0, executor.q.system.size=0, executor.q.operation.size=0, executor.q.priorityOperation.size=0, executor.q.response.size=0, operations.remote.size=0, operations.running.size=0, operations.pending.invocations.count=0, operations.pending.invocations.percentage=0.00%, proxy.count=0, clientEndpoint.count=0, connection.active.count=0, client.connection.count=0, connection.count=0
ʮ�� 29, 2015 5:44:59 ���� com.hazelcast.partition.InternalPartitionService
��Ϣ: [192.168.35.166]:5701 [dev] [3.5] Initializing cluster partition table first arrangement...
</system-err>
  </testcase>
</testsuite>